Running MCMC with 4 parallel chains...

Chain 1 Iteration:    1 / 2000 [  0%]  (Warmup) 
Chain 2 # A draws_matrix: 1000 iterations, 4 chains, and 504 variables
    variable
draw mu[1] mu[2]  mu[3]  mu[4]  mu[5] mu[6]   mu[7]   mu[8]
  1   0.65  0.40 -0.072  0.218  0.123 0.308  0.0847  0.0761
  2   0.41  0.40 -0.029  0.054 -0.070 0.268 -0.2070  0.0570
  3   0.57  0.34 -0.037  0.257  0.218 0.281  0.1286 -0.0087
  4   0.39  0.35 -0.031 -0.102 -0.167 0.275 -0.1596  0.0913
  5   0.44  0.51 -0.098 -0.064 -0.162 0.382 -0.2117  0.0186
  6   0.41  0.17  0.073  0.254  0.299 0.102  0.1345  0.1539
  7   0.46  0.23  0.083  0.292  0.321 0.137  0.1731  0.1531
  8   0.52  0.29  0.136  0.150  0.292 0.097  0.0413  0.1448
  9   0.58  0.20 -0.049  0.221  0.150 0.153 -0.0099  0.0826
  10  0.63  0.29 -0.169  0.073  0.093 0.225  0.0962  0.0949
# ... with 3990 more draws, and 496 more variables
 0.150 0.153 -0.0099  0.0826
  10  0.63  0.29 -0.169  0.073  0.093 0.225  0.0962  0.0949
# ... with 3990 more draws, and 496 more variables
chains, and 504 variables
    variable
draw mu[1] mu[2]  mu[3]  mu[4]  mu[5] mu[6]   mu[7]   mu[8]
  1   0.65  0.40 -0.072  0.218  0.123 0.308  0.0847  0.0761
  2   0.41  0.40 -0.029  0.054 -0.070 0.268 -0.2070  0.0570
  3   0.57  0.34 -0.037  0.257  0.218 0.281  0.1286 -0.0087
  4   0.39  0.35 -0.031 -0.102 -0.167 0.275 -0.1596  0.0913
  5   0.44  0.51 -0.098 -0.064 -0.162 0.382 -0.2117  0.0186
  6   0.41  0.17  0.073  0.254  0.299 0.102  0.1345  0.1539
  7   0.46  0.23  0.083  0.292  0.321 0.137  0.1731  0.1531
  8   0.52  0.29  0.136  0.150  0.292 0.097  0.0413  0.1448
  9   0.58  0.20 -0.049  0.221  0.150 0.153 -0.0099  0.0826
  10  0.63  0.29 -0.169  0.073  0.093 0.225  0.0962  0.0949
# ... with 3990 more draws, and 496 more variables
# A draws_matrix: 1000 iterations, 4 chains, and 504 variables
    variable
draw mu[1] mu[2]  mu[3]  mu[4]  mu[5] mu[6]   mu[7]   mu[8]
  1   0.65  0.40 -0.072  0.218  0.123 0.308  0.0847  0.0761
  2   0.41  0.40 -0.029  0.054 -0.070 0.268 -0.2070  0.0570
  3   0.57  0.34 -0.037  0.257  0.218 0.281  0.1286 -0.0087
  4   0.39  0.35 -0.031 -0.102 -0.167 0.275 -0.1596  0.0913
  5   0.44  0.51 -0.098 -0.064 -0.162 0.382 -0.2117  0.0186
  6   0.41  0.17  0.073  0.254  0.299 0.102  0.1345  0.1539
  7   0.46  0.23  0.083  0.292  0.321 0.137  0.1731  0.1531
  8   0.52  0.29  0.136  0.150  0.292 0.097  0.0413  0.1448
  9   0.58  0.20 -0.049  0.221  0.150 0.153 -0.0099  0.0826
  10  0.63  0.29 -0.169  0.073  0.093 0.225  0.0962  0.0949
# ... with 3990 more draws, and 496 more variables
# A draws_matrix: 6 iterations, 1 chains, and 504 variables
    variable
draw mu[1] mu[2]  mu[3]  mu[4] mu[5] mu[6]  mu[7]   mu[8]
   1  0.65  0.40 -0.072  0.218  0.12  0.31  0.085  0.0761
   2  0.41  0.40 -0.029  0.054 -0.07  0.27 -0.207  0.0570
   3  0.57  0.34 -0.037  0.257  0.22  0.28  0.129 -0.0087
   4  0.39  0.35 -0.031 -0.102 -0.17  0.27 -0.160  0.0913
   5  0.44  0.51 -0.098 -0.064 -0.16  0.38 -0.212  0.0186
   6  0.41  0.17  0.073  0.254  0.30  0.10  0.134  0.1539
# ... with 496 more variables
  [1] "p.(G2A)"           "p.(G2C)"           "p.(G2D)"           "p.(G2E)"           "p.(G2F)"           "p.(G2G)"           "p.(G2H)"          
  [8] "p.(G2I)"           "p.(G2K)"           "p.(G2L)"           "p.(G2M)"           "p.(G2N)"           "p.(G2P)"           "p.(G2Q)"          
 [15] "p.(G2R)"           "p.(G2S)"           "p.(G2T)"           "p.(G2V)"           "p.(G2W)"           "p.(G2Y)"           "p.(G2_I4del)"     
 [22] "p.(G2_N3del)"      "p.(G2_N3insG)"     "p.(G2_N3insGS)"    "p.(G2del)"         "p.(N3A)"           "p.(N3C)"           "p.(N3D)"          
 [29] "p.(N3E)"           "p.(N3F)"           "p.(N3G)"           "p.(N3H)"           "p.(N3I)"           "p.(N3K)"           "p.(N3L)"          
 [36] "p.(N3M)"           "p.(N3N)"           "p.(N3P)"           "p.(N3Q)"           "p.(N3R)"           "p.(N3S)"           "p.(N3T)"          
 [43] "p.(N3V)"           "p.(N3W)"           "p.(N3Y)"           "p.(N3_I4del)"      "p.(N3_I4insG)"     "p.(N3_I4insGS)"    "p.(N3_I4insGSG)"  
 [50] "p.(N3_T5del)"      "p.(N3del)"         "p.(I4A)"           "p.(I4C)"           "p.(I4D)"           "p.(I4E)"           "p.(I4F)"          
 [57] "p.(I4G)"           "p.(I4H)"           "p.(I4K)"           "p.(I4L)"           "p.(I4M)"           "p.(I4N)"           "p.(I4P)"          
 [64] "p.(I4Q)"           "p.(I4R)"           "p.(I4S)"           "p.(I4T)"           "p.(I4V)"           "p.(I4W)"           "p.(I4Y)"          
 [71] "p.(I4_A6del)"      "p.(I4_T5del)"      "p.(I4_T5insG)"     "p.(I4_T5insGS)"    "p.(I4_T5insGSG)"   "p.(I4del)"         "p.(T5A)"          
 [78] "p.(T5C)"           "p.(T5D)"           "p.(T5E)"           "p.(T5F)"           "p.(T5G)"           "p.(T5H)"           "p.(T5I)"          
 [85] "p.(T5K)"           "p.(T5L)"           "p.(T5M)"           "p.(T5N)"           "p.(T5P)"           "p.(T5Q)"           "p.(T5R)"          
 [92] "p.(T5S)"           "p.(T5T)"           "p.(T5V)"           "p.(T5W)"           "p.(T5Y)"           "p.(T5_A6del)"      "p.(T5_A6insG)"    
 [99] "p.(T5_A6insGS)"    "p.(T5_A6insGSG)"   "p.(T5_D7del)"      "p.(T5del)"         "p.(A6C)"           "p.(A6D)"           "p.(A6E)"          
[106] "p.(A6F)"           "p.(A6G)"           "p.(A6H)"           "p.(A6I)"           "p.(A6K)"           "p.(A6L)"           "p.(A6M)"          
[113] "p.(A6N)"           "p.(A6P)"           "p.(A6Q)"           "p.(A6R)"           "p.(A6S)"           "p.(A6T)"           "p.(A6V)"          
[120] "p.(A6W)"           "p.(A6Y)"           "p.(A6_D7del)"      "p.(A6_D7insG)"     "p.(A6_D7insGS)"    "p.(A6_D7insGSG)"   "p.(A6_N8del)"     
[127] "p.(A6del)"         "p.(D7A)"           "p.(D7C)"           "p.(D7D)"           "p.(D7E)"           "p.(D7F)"           "p.(D7G)"          
[134] "p.(D7H)"           "p.(D7I)"           "p.(D7K)"           "p.(D7L)"           "p.(D7M)"           "p.(D7N)"           "p.(D7P)"          
[141] "p.(D7Q)"           "p.(D7R)"           "p.(D7S)"           "p.(D7T)"           "p.(D7V)"           "p.(D7W)"           "p.(D7Y)"          
[148] "p.(D7_N8del)"      "p.(D7_N8insG)"     "p.(D7_N8insGS)"    "p.(D7_N8insGSG)"   "p.(D7_S9del)"      "p.(D7del)"         "p.(N8A)"          
[155] "p.(N8C)"           "p.(N8D)"           "p.(N8F)"           "p.(N8G)"           "p.(N8H)"           "p.(N8I)"           "p.(N8K)"          
[162] "p.(N8L)"           "p.(N8M)"           "p.(N8P)"           "p.(N8Q)"           "p.(N8R)"           "p.(N8S)"           "p.(N8T)"          
[169] "p.(N8V)"           "p.(N8W)"           "p.(N8Y)"           "p.(N8_S10del)"     "p.(N8_S9del)"      "p.(N8_S9insG)"     "p.(N8_S9insGS)"   
[176] "p.(N8_S9insGSG)"   "p.(N8del)"         "p.(S9A)"           "p.(S9C)"           "p.(S9D)"           "p.(S9E)"           "p.(S9F)"          
[183] "p.(S9G)"           "p.(S9H)"           "p.(S9I)"           "p.(S9K)"           "p.(S9L)"           "p.(S9M)"           "p.(S9N)"          
[190] "p.(S9P)"           "p.(S9Q)"           "p.(S9R)"           "p.(S9S)"           "p.(S9T)"           "p.(S9V)"           "p.(S9W)"          
[197] "p.(S9Y)"           "p.(S9_M11del)"     "p.(S9_S10del)"     "p.(S9_S10insG)"    "p.(S9_S10insGS)"   "p.(S9_S10insGSG)"  "p.(S9del)"        
[204] "p.(S10A)"          "p.(S10C)"          "p.(S10D)"          "p.(S10E)"          "p.(S10F)"          "p.(S10G)"          "p.(S10H)"         
[211] "p.(S10I)"          "p.(S10K)"          "p.(S10L)"          "p.(S10M)"          "p.(S10N)"          "p.(S10P)"          "p.(S10Q)"         
[218] "p.(S10R)"          "p.(S10S)"          "p.(S10T)"          "p.(S10V)"          "p.(S10W)"          "p.(S10Y)"          "p.(S10_M11del)"   
[225] "p.(S10_M11insG)"   "p.(S10_M11insGSG)" "p.(M11A)"          "p.(M11C)"          "p.(M11D)"          "p.(M11E)"          "p.(M11F)"         
[232] "p.(M11G)"          "p.(M11H)"          "p.(M11I)"          "p.(M11K)"          "p.(M11L)"          "p.(M11N)"          "p.(M11P)"         
[239] "p.(M11Q)"          "p.(M11R)"          "p.(M11S)"          "p.(M11T)"          "p.(M11V)"          "p.(M11W)"          "p.(M11Y)"         
[246] "p.(M11_C13del)"    "p.(M11_S12insG)"   "p.(M11_S12insGS)"  "p.(M11_S12insGSG)" "p.(M11del)"        "p.(S12A)"          "p.(S12C)"         
[253] "p.(S12D)"          "p.(S12E)"          "p.(S12F)"          "p.(S12G)"          "p.(S12H)"          "p.(S12I)"          "p.(S12K)"         
[260] "p.(S12L)"          "p.(S12M)"          "p.(S12N)"          "p.(S12P)"          "p.(S12Q)"          "p.(S12R)"          "p.(S12S)"         
[267] "p.(S12T)"          "p.(S12V)"          "p.(S12W)"          "p.(S12Y)"          "p.(S12_C13del)"    "p.(S12_C13insG)"   "p.(S12_C13insGS)" 
[274] "p.(S12_C13insGSG)" "p.(S12_T14del)"    "p.(S12del)"        "p.(C13A)"          "p.(C13C)"          "p.(C13D)"          "p.(C13E)"         
[281] "p.(C13F)"          "p.(C13G)"          "p.(C13H)"          "p.(C13I)"          "p.(C13K)"          "p.(C13L)"          "p.(C13M)"         
[288] "p.(C13N)"          "p.(C13P)"          "p.(C13Q)"          "p.(C13R)"          "p.(C13S)"          "p.(C13T)"          "p.(C13V)"         
[295] "p.(C13W)"          "p.(C13Y)"          "p.(C13_I15del)"    "p.(C13_T14del)"    "p.(C13_T14insG)"   "p.(C13_T14insGS)"  "p.(C13_T14insGSG)"
[302] "p.(C13del)"        "p.(T14A)"          "p.(T14C)"          "p.(T14D)"          "p.(T14E)"          "p.(T14F)"          "p.(T14G)"         
[309] "p.(T14H)"          "p.(T14I)"          "p.(T14K)"          "p.(T14L)"          "p.(T14M)"          "p.(T14N)"          "p.(T14P)"         
[316] "p.(T14Q)"          "p.(T14R)"          "p.(T14S)"          "p.(T14T)"          "p.(T14V)"          "p.(T14W)"          "p.(T14Y)"         
[323] "p.(T14_D16del)"    "p.(T14_I15del)"    "p.(T14_I15insG)"   "p.(T14_I15insGS)"  "p.(T14_I15insGSG)" "p.(T14del)"        "p.(I15A)"         
[330] "p.(I15C)"          "p.(I15D)"          "p.(I15E)"          "p.(I15F)"          "p.(I15G)"          "p.(I15H)"          "p.(I15I)"         
[337] "p.(I15K)"          "p.(I15L)"          "p.(I15M)"          "p.(I15N)"          "p.(I15P)"          "p.(I15Q)"          "p.(I15R)"         
[344] "p.(I15S)"          "p.(I15T)"          "p.(I15V)"          "p.(I15W)"          "p.(I15Y)"          "p.(I15_D16del)"    "p.(I15_D16insGS)" 
[351] "p.(I15_D16insGSG)" "p.(I15_H17del)"    "p.(I15del)"        "p.(D16A)"          "p.(D16C)"          "p.(D16E)"          "p.(D16F)"         
[358] "p.(D16G)"          "p.(D16H)"          "p.(D16I)"          "p.(D16K)"          "p.(D16L)"          "p.(D16M)"          "p.(D16N)"         
[365] "p.(D16P)"          "p.(D16Q)"          "p.(D16R)"          "p.(D16S)"          "p.(D16T)"          "p.(D16V)"          "p.(D16W)"         
[372] "p.(D16Y)"          "p.(D16_H17del)"    "p.(D16_H17insG)"   "p.(D16_H17insGS)"  "p.(D16_H17insGSG)" "p.(D16_T18del)"    "p.(D16del)"       
[379] "p.(H17A)"          "p.(H17C)"          "p.(H17D)"          "p.(H17E)"          "p.(H17F)"          "p.(H17G)"          "p.(H17I)"         
[386] "p.(H17K)"          "p.(H17L)"          "p.(H17M)"          "p.(H17N)"          "p.(H17P)"          "p.(H17Q)"          "p.(H17R)"         
[393] "p.(H17S)"          "p.(H17T)"          "p.(H17V)"          "p.(H17W)"          "p.(H17Y)"          "p.(H17_I19del)"    "p.(H17_T18del)"   
[400] "p.(H17_T18insG)"   "p.(H17_T18insGS)"  "p.(H17_T18insGSG)" "p.(H17del)"        "p.(T18A)"          "p.(T18C)"          "p.(T18D)"         
[407] "p.(T18E)"          "p.(T18F)"          "p.(T18G)"          "p.(T18H)"          "p.(T18I)"          "p.(T18K)"          "p.(T18L)"         
[414] "p.(T18M)"          "p.(T18N)"          "p.(T18P)"          "p.(T18Q)"          "p.(T18R)"          "p.(T18S)"          "p.(T18T)"         
[421] "p.(T18V)"          "p.(T18W)"          "p.(T18Y)"          "p.(T18_I19del)"    "p.(T18_I19insG)"   "p.(T18_I19insGS)"  "p.(T18_I19insGSG)"
[428] "p.(T18del)"        "p.(I19A)"          "p.(I19C)"          "p.(I19D)"          "p.(I19E)"          "p.(I19F)"          "p.(I19G)"         
[435] "p.(I19H)"          "p.(I19I)"          "p.(I19K)"          "p.(I19L)"          "p.(I19M)"          "p.(I19N)"          "p.(I19P)"         
[442] "p.(I19Q)"          "p.(I19R)"          "p.(I19S)"          "p.(I19T)"          "p.(I19V)"          "p.(I19W)"          "p.(I19Y)"         
[449] "p.(I19_H20del)"    "p.(I19_H20insG)"   "p.(I19_H20insGS)"  "p.(I19_H20insGSG)" "p.(I19_Q21del)"    "p.(I19del)"        "p.(H20A)"         
[456] "p.(H20C)"          "p.(H20D)"          "p.(H20E)"          "p.(H20F)"          "p.(H20G)"          "p.(H20I)"          "p.(H20K)"         
[463] "p.(H20L)"          "p.(H20M)"          "p.(H20N)"          "p.(H20P)"          "p.(H20Q)"          "p.(H20R)"          "p.(H20S)"         
[470] "p.(H20T)"          "p.(H20V)"          "p.(H20W)"          "p.(H20Y)"          "p.(H20_Q21del)"    "p.(H20_Q21insG)"   "p.(H20_Q21insGS)" 
[477] "p.(H20_Q21insGSG)" "p.(H20_T22del)"    "p.(H20del)"        "p.(Q21A)"          "p.(Q21C)"          "p.(Q21D)"          "p.(Q21E)"         
[484] "p.(Q21F)"          "p.(Q21G)"          "p.(Q21H)"          "p.(Q21I)"          "p.(Q21K)"          "p.(Q21L)"          "p.(Q21M)"         
[491] "p.(Q21N)"          "p.(Q21P)"          "p.(Q21R)"          "p.(Q21S)"          "p.(Q21T)"          "p.(Q21V)"          "p.(Q21W)"         
[498] "p.(Q21Y)"          "p.(Q21_L23del)"    "p.(Q21_T22del)"    "p.(Q21_T22insG)"   "p.(Q21_T22insGS)"  "p.(Q21_T22insGSG)" "p.(Q21del)"       
[1] 504
# A draws_matrix: 1000 iterations, 4 chains, and 504 variables
    variable
draw mu[1] mu[2]  mu[3]  mu[4]  mu[5] mu[6]   mu[7]   mu[8]
  1   0.65  0.40 -0.072  0.218  0.123 0.308  0.0847  0.0761
  2   0.41  0.40 -0.029  0.054 -0.070 0.268 -0.2070  0.0570
  3   0.57  0.34 -0.037  0.257  0.218 0.281  0.1286 -0.0087
  4   0.39  0.35 -0.031 -0.102 -0.167 0.275 -0.1596  0.0913
  5   0.44  0.51 -0.098 -0.064 -0.162 0.382 -0.2117  0.0186
  6   0.41  0.17  0.073  0.254  0.299 0.102  0.1345  0.1539
  7   0.46  0.23  0.083  0.292  0.321 0.137  0.1731  0.1531
  8   0.52  0.29  0.136  0.150  0.292 0.097  0.0413  0.1448
  9   0.58  0.20 -0.049  0.221  0.150 0.153 -0.0099  0.0826
  10  0.63  0.29 -0.169  0.073  0.093 0.225  0.0962  0.0949
# ... with 3990 more draws, and 496 more variables
# A draws_matrix: 1000 iterations, 4 chains, and 504 variables
    variable
draw mu[1] mu[2]  mu[3]  mu[4]  mu[5] mu[6]   mu[7]   mu[8]
  1   0.65  0.40 -0.072  0.218  0.123 0.308  0.0847  0.0761
  2   0.41  0.40 -0.029  0.054 -0.070 0.268 -0.2070  0.0570
  3   0.57  0.34 -0.037  0.257  0.218 0.281  0.1286 -0.0087
  4   0.39  0.35 -0.031 -0.102 -0.167 0.275 -0.1596  0.0913
  5   0.44  0.51 -0.098 -0.064 -0.162 0.382 -0.2117  0.0186
  6   0.41  0.17  0.073  0.254  0.299 0.102  0.1345  0.1539
  7   0.46  0.23  0.083  0.292  0.321 0.137  0.1731  0.1531
  8   0.52  0.29  0.136  0.150  0.292 0.097  0.0413  0.1448
  9   0.58  0.20 -0.049  0.221  0.150 0.153 -0.0099  0.0826
  10  0.63  0.29 -0.169  0.073  0.093 0.225  0.0962  0.0949
# ... with 3990 more draws, and 496 more variables
NULL
# A draws_matrix: 1000 iterations, 4 chains, and 504 variables
    variable
draw mu[1] mu[2]  mu[3]  mu[4]  mu[5] mu[6]   mu[7]   mu[8]
  1   0.65  0.40 -0.072  0.218  0.123 0.308  0.0847  0.0761
  2   0.41  0.40 -0.029  0.054 -0.070 0.268 -0.2070  0.0570
  3   0.57  0.34 -0.037  0.257  0.218 0.281  0.1286 -0.0087
  4   0.39  0.35 -0.031 -0.102 -0.167 0.275 -0.1596  0.0913
  5   0.44  0.51 -0.098 -0.064 -0.162 0.382 -0.2117  0.0186
  6   0.41  0.17  0.073  0.254  0.299 0.102  0.1345  0.1539
  7   0.46  0.23  0.083  0.292  0.321 0.137  0.1731  0.1531
  8   0.52  0.29  0.136  0.150  0.292 0.097  0.0413  0.1448
  9   0.58  0.20 -0.049  0.221  0.150 0.153 -0.0099  0.0826
  10  0.63  0.29 -0.169  0.073  0.093 0.225  0.0962  0.0949
# ... with 3990 more draws, and 496 more variables
